<?xml version="1.0" encoding="UTF-8"?>
<!-- Generated by org.testng.reporters.JUnitXMLReporter -->
<testsuite hostname="LP-PC0M6HD6" ignored="0" name="Test" tests="15" failures="0" timestamp="03 Oct 2018 11:17:22 GMT" time="59.518" errors="0">
  <testcase name="Tc6" time="5.029" classname="jpetStoreckg.catalogueDetailPage4"/>
  <testcase name="Tc7" time="3.411" classname="jpetStoreckg.catalogueDetailPage5"/>
  <testcase name="Tc15" time="4.885" classname="jpetStoreckg.Register"/>
  <testcase name="Tc3" time="3.485" classname="jpetStoreckg.catalogueDetailPage"/>
  <testcase name="Tc4" time="3.63" classname="jpetStoreckg.catalogueDetailPage2"/>
  <testcase name="Tc5" time="3.416" classname="jpetStoreckg.catalogueDetailPage3"/>
  <testcase name="Tc8" time="3.344" classname="jpetStoreckg.catalogueTest"/>
  <testcase name="Tc16" time="3.957" classname="jpetStoreckg.signOut"/>
  <testcase name="Tc1" time="3.331" classname="jpetStoreckg.baseTestClass"/>
  <testcase name="Tc13" time="3.603" classname="jpetStoreckg.homePageNavigation"/>
  <testcase name="Tc11" time="3.681" classname="jpetStoreckg.catalogueTest4"/>
  <testcase name="Tc12" time="3.95" classname="jpetStoreckg.catalogueTest5"/>
  <testcase name="Tc9" time="4.478" classname="jpetStoreckg.catalogueTest2"/>
  <testcase name="Tc10" time="4.155" classname="jpetStoreckg.catalogueTest3"/>
  <testcase name="Tc2" time="5.138" classname="jpetStoreckg.cartPage"/>
</testsuite> <!-- Test -->
